<?xml version="1.0" encoding="UTF-8"?>
<!-- Generated by org.testng.reporters.JUnitXMLReporter -->
<testsuite ignored="8" hostname="DESKTOP-RGL2CCS" failures="11" tests="11" name="ECommerceTests" time="26.25" errors="0" timestamp="2025-09-02T13:46:07 IST">
  <testcase classname="com.E_Commerce_Web_App.tests.HomePageTest" name="verifyNavigationLinks" time="13.04">
    <failure type="org.openqa.selenium.NoSuchElementException" message="no such element: Unable to locate element: {&amp;quot;method&amp;quot;:&amp;quot;link text&amp;quot;,&amp;quot;selector&amp;quot;:&amp;quot;Products&amp;quot;}
  (Session info: chrome=139.0.7258.155)
For documentation on this error, please visit: https://www.selenium.dev/documentation/webdriver/troubleshooting/errors#no-such-element-exception
Build info: version: &amp;apos;4.35.0&amp;apos;, revision: &amp;apos;1c58e5028b&amp;apos;
System info: os.name: &amp;apos;Windows 10&amp;apos;, os.arch: &amp;apos;amd64&amp;apos;, os.version: &amp;apos;10.0&amp;apos;, java.version: &amp;apos;17.0.12&amp;apos;
Driver info: org.openqa.selenium.chrome.ChromeDriver
Command: [1c7a50ccfd73cb75282cc85146eb58b0, findElement {using=link text, value=Products}]
Capabilities {acceptInsecureCerts: false, browserName: chrome, browserVersion: 139.0.7258.155, chrome: {chromedriverVersion: 139.0.7258.154 (9e0d6b2b47f..., userDataDir: C:\Users\HP\AppData\Local\T...}, fedcm:accounts: true, goog:chromeOptions: {debuggerAddress: localhost:49196}, networkConnectionEnabled: false, pageLoadStrategy: normal, platformName: windows, proxy: Proxy(), se:cdp: ws://localhost:49196/devtoo..., se:cdpVersion: 139.0.7258.155, setWindowRect: true, strictFileInteractability: false, timeouts: {implicit: 0, pageLoad: 300000, script: 30000}, unhandledPromptBehavior: dismiss and notify, webauthn:extension:credBlob: true, webauthn:extension:largeBlob: true, webauthn:extension:minPinLength: true, webauthn:extension:prf: true, webauthn:virtualAuthenticators: true}
Session ID: 1c7a50ccfd73cb75282cc85146eb58b0">
      <![CDATA[org.openqa.selenium.NoSuchElementException: no such element: Unable to locate element: {"method":"link text","selector":"Products"}
  (Session info: chrome=139.0.7258.155)
For documentation on this error, please visit: https://www.selenium.dev/documentation/webdriver/troubleshooting/errors#no-such-element-exception
Build info: version: '4.35.0', revision: '1c58e5028b'
System info: os.name: 'Windows 10', os.arch: 'amd64', os.version: '10.0', java.version: '17.0.12'
Driver info: org.openqa.selenium.chrome.ChromeDriver
Command: [1c7a50ccfd73cb75282cc85146eb58b0, findElement {using=link text, value=Products}]
Capabilities {acceptInsecureCerts: false, browserName: chrome, browserVersion: 139.0.7258.155, chrome: {chromedriverVersion: 139.0.7258.154 (9e0d6b2b47f..., userDataDir: C:\Users\HP\AppData\Local\T...}, fedcm:accounts: true, goog:chromeOptions: {debuggerAddress: localhost:49196}, networkConnectionEnabled: false, pageLoadStrategy: normal, platformName: windows, proxy: Proxy(), se:cdp: ws://localhost:49196/devtoo..., se:cdpVersion: 139.0.7258.155, setWindowRect: true, strictFileInteractability: false, timeouts: {implicit: 0, pageLoad: 300000, script: 30000}, unhandledPromptBehavior: dismiss and notify, webauthn:extension:credBlob: true, webauthn:extension:largeBlob: true, webauthn:extension:minPinLength: true, webauthn:extension:prf: true, webauthn:virtualAuthenticators: true}
Session ID: 1c7a50ccfd73cb75282cc85146eb58b0
at org.openqa.selenium.remote.ErrorCodec.decode(ErrorCodec.java:167)
at org.openqa.selenium.remote.codec.w3c.W3CHttpResponseCodec.decode(W3CHttpResponseCodec.java:138)
at org.openqa.selenium.remote.codec.w3c.W3CHttpResponseCodec.decode(W3CHttpResponseCodec.java:50)
at org.openqa.selenium.remote.HttpCommandExecutor.execute(HttpCommandExecutor.java:215)
at org.openqa.selenium.remote.service.DriverCommandExecutor.invokeExecute(DriverCommandExecutor.java:216)
at org.openqa.selenium.remote.service.DriverCommandExecutor.execute(DriverCommandExecutor.java:174)
at org.openqa.selenium.remote.RemoteWebDriver.execute(RemoteWebDriver.java:557)
at org.openqa.selenium.remote.ElementLocation$ElementFinder$2.findElement(ElementLocation.java:165)
at org.openqa.selenium.remote.ElementLocation.findElement(ElementLocation.java:59)
at org.openqa.selenium.remote.RemoteWebDriver.findElement(RemoteWebDriver.java:380)
at org.openqa.selenium.remote.RemoteWebDriver.findElement(RemoteWebDriver.java:374)
at com.E_Commerce_Web_App.pages.HomePage.clickProducts(HomePage.java:25)
at com.E_Commerce_Web_App.tests.HomePageTest.verifyNavigationLinks(HomePageTest.java:22)
at java.base/java.util.ArrayList.forEach(ArrayList.java:1511)
... Removed 32 stack frames]]>
    </failure>
  </testcase> <!-- verifyNavigationLinks -->
  <testcase classname="com.E_Commerce_Web_App.tests.HomePageTest" name="verifySubscription" time="0.0">
    <failure type="java.lang.RuntimeException" message="java.io.FileNotFoundException: C:\Users\HP\eclipse-workspace\E_Commerce_Web_App\src\test\resources\Ecommerce_app_Testdata\datafile.xlsx (The system cannot find the path specified)">
      <![CDATA[java.lang.RuntimeException: java.io.FileNotFoundException: C:\Users\HP\eclipse-workspace\E_Commerce_Web_App\src\test\resources\Ecommerce_app_Testdata\datafile.xlsx (The system cannot find the path specified)
at java.base/java.util.ArrayList.forEach(ArrayList.java:1511)
Caused by: java.io.FileNotFoundException: C:\Users\HP\eclipse-workspace\E_Commerce_Web_App\src\test\resources\Ecommerce_app_Testdata\datafile.xlsx (The system cannot find the path specified)
at java.base/java.io.FileInputStream.open0(Native Method)
at java.base/java.io.FileInputStream.open(FileInputStream.java:216)
at java.base/java.io.FileInputStream.<init>(FileInputStream.java:157)
at com.E_Commerce_Web_App.utilities.ExcelUtilities.getdata(ExcelUtilities.java:14)
at com.E_Commerce_Web_App.tests.HomePageTest.subscriptionData(HomePageTest.java:77)
... 25 more
... Removed 32 stack frames]]>
    </failure>
  </testcase> <!-- verifySubscription -->
  <testcase classname="com.E_Commerce_Web_App.tests.SignupLoginTest" name="verifyLogin" time="0.0">
    <failure type="java.lang.RuntimeException" message="java.io.FileNotFoundException: C:\Users\HP\eclipse-workspace\E_Commerce_Web_App\src\test\resources\Ecommerce_app_Testdata\data.xlsx (The system cannot find the path specified)">
      <![CDATA[java.lang.RuntimeException: java.io.FileNotFoundException: C:\Users\HP\eclipse-workspace\E_Commerce_Web_App\src\test\resources\Ecommerce_app_Testdata\data.xlsx (The system cannot find the path specified)
at java.base/java.util.ArrayList.forEach(ArrayList.java:1511)
Caused by: java.io.FileNotFoundException: C:\Users\HP\eclipse-workspace\E_Commerce_Web_App\src\test\resources\Ecommerce_app_Testdata\data.xlsx (The system cannot find the path specified)
at java.base/java.io.FileInputStream.open0(Native Method)
at java.base/java.io.FileInputStream.open(FileInputStream.java:216)
at java.base/java.io.FileInputStream.<init>(FileInputStream.java:157)
at com.E_Commerce_Web_App.utilities.ExcelUtilities.getdata(ExcelUtilities.java:14)
at com.E_Commerce_Web_App.tests.SignupLoginTest.loginData(SignupLoginTest.java:95)
... 25 more
... Removed 32 stack frames]]>
    </failure>
  </testcase> <!-- verifyLogin -->
  <testcase classname="com.E_Commerce_Web_App.tests.SignupLoginTest" name="verifyLogout" time="0.0">
    <failure type="java.lang.RuntimeException" message="java.io.FileNotFoundException: C:\Users\HP\eclipse-workspace\E_Commerce_Web_App\src\test\resources\Ecommerce_app_Testdata\data.xlsx (The system cannot find the path specified)">
      <![CDATA[java.lang.RuntimeException: java.io.FileNotFoundException: C:\Users\HP\eclipse-workspace\E_Commerce_Web_App\src\test\resources\Ecommerce_app_Testdata\data.xlsx (The system cannot find the path specified)
at java.base/java.util.ArrayList.forEach(ArrayList.java:1511)
Caused by: java.io.FileNotFoundException: C:\Users\HP\eclipse-workspace\E_Commerce_Web_App\src\test\resources\Ecommerce_app_Testdata\data.xlsx (The system cannot find the path specified)
at java.base/java.io.FileInputStream.open0(Native Method)
at java.base/java.io.FileInputStream.open(FileInputStream.java:216)
at java.base/java.io.FileInputStream.<init>(FileInputStream.java:157)
at com.E_Commerce_Web_App.utilities.ExcelUtilities.getdata(ExcelUtilities.java:14)
at com.E_Commerce_Web_App.tests.SignupLoginTest.loginData(SignupLoginTest.java:95)
... 25 more
... Removed 32 stack frames]]>
    </failure>
  </testcase> <!-- verifyLogout -->
  <testcase classname="com.E_Commerce_Web_App.tests.SignupLoginTest" name="verifySignup" time="0.0">
    <failure type="java.lang.RuntimeException" message="java.io.FileNotFoundException: C:\Users\HP\eclipse-workspace\E_Commerce_Web_App\src\test\resources\Ecommerce_app_Testdata\datafile.xlsx (The system cannot find the path specified)">
      <![CDATA[java.lang.RuntimeException: java.io.FileNotFoundException: C:\Users\HP\eclipse-workspace\E_Commerce_Web_App\src\test\resources\Ecommerce_app_Testdata\datafile.xlsx (The system cannot find the path specified)
at java.base/java.util.ArrayList.forEach(ArrayList.java:1511)
Caused by: java.io.FileNotFoundException: C:\Users\HP\eclipse-workspace\E_Commerce_Web_App\src\test\resources\Ecommerce_app_Testdata\datafile.xlsx (The system cannot find the path specified)
at java.base/java.io.FileInputStream.open0(Native Method)
at java.base/java.io.FileInputStream.open(FileInputStream.java:216)
at java.base/java.io.FileInputStream.<init>(FileInputStream.java:157)
at com.E_Commerce_Web_App.utilities.ExcelUtilities.getdata(ExcelUtilities.java:14)
at com.E_Commerce_Web_App.tests.SignupLoginTest.signupData(SignupLoginTest.java:90)
... 25 more
... Removed 32 stack frames]]>
    </failure>
  </testcase> <!-- verifySignup -->
  <testcase classname="com.E_Commerce_Web_App.tests.ProductPageTest" name="verifyAddToCart" time="0.007">
    <failure type="java.lang.NullPointerException" message="Cannot invoke &amp;quot;org.openqa.selenium.WebDriver.get(String)&amp;quot; because &amp;quot;this.driver&amp;quot; is null">
      <![CDATA[java.lang.NullPointerException: Cannot invoke "org.openqa.selenium.WebDriver.get(String)" because "this.driver" is null
at com.E_Commerce_Web_App.tests.ProductPageTest.verifyAddToCart(ProductPageTest.java:45)
at java.base/java.util.ArrayList.forEach(ArrayList.java:1511)
... Removed 27 stack frames]]>
    </failure>
  </testcase> <!-- verifyAddToCart -->
  <testcase classname="com.E_Commerce_Web_App.tests.ProductPageTest" name="verifyCategoryAndBrandNavigation" time="0.008">
    <failure type="java.lang.NullPointerException" message="Cannot invoke &amp;quot;org.openqa.selenium.WebDriver.get(String)&amp;quot; because &amp;quot;this.driver&amp;quot; is null">
      <![CDATA[java.lang.NullPointerException: Cannot invoke "org.openqa.selenium.WebDriver.get(String)" because "this.driver" is null
at com.E_Commerce_Web_App.tests.ProductPageTest.verifyCategoryAndBrandNavigation(ProductPageTest.java:77)
at java.base/java.util.ArrayList.forEach(ArrayList.java:1511)
... Removed 27 stack frames]]>
    </failure>
  </testcase> <!-- verifyCategoryAndBrandNavigation -->
  <testcase classname="com.E_Commerce_Web_App.tests.ProductPageTest" name="verifyProductSearch" time="0.0">
    <failure type="java.lang.RuntimeException" message="java.io.FileNotFoundException: C:\Users\HP\eclipse-workspace\E_Commerce_Web_App\src\test\resources\Ecommerce_app_Testdata\datafile.xlsx (The system cannot find the path specified)">
      <![CDATA[java.lang.RuntimeException: java.io.FileNotFoundException: C:\Users\HP\eclipse-workspace\E_Commerce_Web_App\src\test\resources\Ecommerce_app_Testdata\datafile.xlsx (The system cannot find the path specified)
at java.base/java.util.ArrayList.forEach(ArrayList.java:1511)
Caused by: java.io.FileNotFoundException: C:\Users\HP\eclipse-workspace\E_Commerce_Web_App\src\test\resources\Ecommerce_app_Testdata\datafile.xlsx (The system cannot find the path specified)
at java.base/java.io.FileInputStream.open0(Native Method)
at java.base/java.io.FileInputStream.open(FileInputStream.java:216)
at java.base/java.io.FileInputStream.<init>(FileInputStream.java:157)
at com.E_Commerce_Web_App.utilities.ExcelUtilities.getdata(ExcelUtilities.java:14)
at com.E_Commerce_Web_App.tests.ProductPageTest.getSearchData(ProductPageTest.java:23)
... 25 more
... Removed 32 stack frames]]>
    </failure>
  </testcase> <!-- verifyProductSearch -->
  <testcase classname="com.E_Commerce_Web_App.tests.ProductPageTest" name="verifyViewFirstProduct" time="0.009">
    <failure type="java.lang.NullPointerException" message="Cannot invoke &amp;quot;org.openqa.selenium.WebDriver.get(String)&amp;quot; because &amp;quot;this.driver&amp;quot; is null">
      <![CDATA[java.lang.NullPointerException: Cannot invoke "org.openqa.selenium.WebDriver.get(String)" because "this.driver" is null
at com.E_Commerce_Web_App.tests.ProductPageTest.verifyViewFirstProduct(ProductPageTest.java:61)
at java.base/java.util.ArrayList.forEach(ArrayList.java:1511)
... Removed 27 stack frames]]>
    </failure>
  </testcase> <!-- verifyViewFirstProduct -->
  <testcase classname="com.E_Commerce_Web_App.tests.ContactUsTest" name="verifyContactUsForm" time="0.0">
    <failure type="java.lang.RuntimeException" message="java.io.FileNotFoundException: C:\Users\HP\eclipse-workspace\E_Commerce_Web_App\src\test\resources\Ecommerce_app_Testdata\datafile.xlsx (The system cannot find the path specified)">
      <![CDATA[java.lang.RuntimeException: java.io.FileNotFoundException: C:\Users\HP\eclipse-workspace\E_Commerce_Web_App\src\test\resources\Ecommerce_app_Testdata\datafile.xlsx (The system cannot find the path specified)
at java.base/java.util.ArrayList.forEach(ArrayList.java:1511)
Caused by: java.io.FileNotFoundException: C:\Users\HP\eclipse-workspace\E_Commerce_Web_App\src\test\resources\Ecommerce_app_Testdata\datafile.xlsx (The system cannot find the path specified)
at java.base/java.io.FileInputStream.open0(Native Method)
at java.base/java.io.FileInputStream.open(FileInputStream.java:216)
at java.base/java.io.FileInputStream.<init>(FileInputStream.java:157)
at com.E_Commerce_Web_App.utilities.ExcelUtilities.getdata(ExcelUtilities.java:14)
at com.E_Commerce_Web_App.tests.ContactUsTest.contactData(ContactUsTest.java:40)
... 25 more
... Removed 32 stack frames]]>
    </failure>
  </testcase> <!-- verifyContactUsForm -->
  <testcase classname="com.E_Commerce_Web_App.tests.CartPageTest" name="verifyAddDeleteCheckoutFlow" time="2.883">
    <failure type="java.lang.NullPointerException" message="Cannot invoke &amp;quot;com.aventstack.extentreports.ExtentReports.createTest(String)&amp;quot; because &amp;quot;this.extent&amp;quot; is null">
      <![CDATA[java.lang.NullPointerException: Cannot invoke "com.aventstack.extentreports.ExtentReports.createTest(String)" because "this.extent" is null
at com.E_Commerce_Web_App.tests.CartPageTest.verifyAddDeleteCheckoutFlow(CartPageTest.java:17)
at java.base/java.util.ArrayList.forEach(ArrayList.java:1511)
... Removed 27 stack frames]]>
    </failure>
  </testcase> <!-- verifyAddDeleteCheckoutFlow -->
  <testcase classname="com.E_Commerce_Web_App.Base.BaseTest" name="@AfterSuite flushReport" time="0.0">
    <ignored/>
  </testcase> <!-- @AfterSuite flushReport -->
  <testcase classname="com.E_Commerce_Web_App.Base.BaseTest" name="@BeforeSuite setupReport" time="0.0">
    <ignored/>
  </testcase> <!-- @BeforeSuite setupReport -->
  <testcase classname="com.E_Commerce_Web_App.Base.BaseTest" name="@BeforeSuite setupReport" time="0.0">
    <ignored/>
  </testcase> <!-- @BeforeSuite setupReport -->
  <testcase classname="com.E_Commerce_Web_App.Base.BaseTest" name="@AfterSuite flushReport" time="0.0">
    <ignored/>
  </testcase> <!-- @AfterSuite flushReport -->
  <testcase classname="com.E_Commerce_Web_App.Base.BaseTest" name="@BeforeSuite setupReport" time="0.0">
    <ignored/>
  </testcase> <!-- @BeforeSuite setupReport -->
  <testcase classname="com.E_Commerce_Web_App.Base.BaseTest" name="@BeforeSuite setupReport" time="0.0">
    <ignored/>
  </testcase> <!-- @BeforeSuite setupReport -->
  <testcase classname="com.E_Commerce_Web_App.Base.BaseTest" name="@AfterSuite flushReport" time="0.0">
    <ignored/>
  </testcase> <!-- @AfterSuite flushReport -->
  <testcase classname="com.E_Commerce_Web_App.Base.BaseTest" name="@AfterSuite flushReport" time="0.0">
    <ignored/>
  </testcase> <!-- @AfterSuite flushReport -->
</testsuite> <!-- ECommerceTests -->
