<?xml version="1.0" encoding="UTF-8"?>
<!-- Generated by org.testng.reporters.JUnitXMLReporter -->
<testsuite ignored="0" hostname="DESKTOP-RGL2CCS" failures="0" tests="4" name="Default test" time="1.27" errors="0" timestamp="2025-09-07T03:04:01 IST">
  <testcase classname="com.E_Commerce_Web_App.Base.BaseTest" name="@BeforeSuite setupExtent" time="-1.757194440093E9">
    <failure type="org.testng.TestNGException" message="
Parameter &amp;apos;reportName&amp;apos; is required by BeforeSuite on method setupExtent but has not been marked @Optional or defined
in C:\Users\HP\AppData\Local\Temp\testng-eclipse--1833442543\testng-customsuite.xml">
      <![CDATA[org.testng.TestNGException: 
Parameter 'reportName' is required by BeforeSuite on method setupExtent but has not been marked @Optional or defined
in C:\Users\HP\AppData\Local\Temp\testng-eclipse--1833442543\testng-customsuite.xml
at org.testng.internal.Parameters.createParams(Parameters.java:264)
at org.testng.internal.Parameters.createParametersForMethod(Parameters.java:352)
at org.testng.internal.Parameters.createParameters(Parameters.java:690)
at org.testng.internal.Parameters.createConfigurationParameters(Parameters.java:163)
at org.testng.internal.invokers.ConfigInvoker.invokeConfigurations(ConfigInvoker.java:313)
at org.testng.SuiteRunner.privateRun(SuiteRunner.java:358)
at org.testng.SuiteRunner.run(SuiteRunner.java:312)
at org.testng.SuiteRunnerWorker.runSuite(SuiteRunnerWorker.java:52)
at org.testng.SuiteRunnerWorker.run(SuiteRunnerWorker.java:95)
at org.testng.TestNG.runSuitesSequentially(TestNG.java:1274)
at org.testng.TestNG.runSuitesLocally(TestNG.java:1208)
at org.testng.TestNG.runSuites(TestNG.java:1112)
at org.testng.TestNG.run(TestNG.java:1079)
at org.testng.remote.AbstractRemoteTestNG.run(AbstractRemoteTestNG.java:115)
at org.testng.remote.RemoteTestNG.initAndRun(RemoteTestNG.java:293)
at org.testng.remote.RemoteTestNG.main(RemoteTestNG.java:91)
]]>
    </failure>
  </testcase> <!-- @BeforeSuite setupExtent -->
  <testcase classname="com.E_Commerce_Web_App.Base.BaseTest" name="@BeforeClass setupDriver" time="0.0">
    <skipped/>
  </testcase> <!-- @BeforeClass setupDriver -->
  <testcase classname="com.E_Commerce_Web_App.Base.BaseTest" name="@AfterClass teardownDriver" time="0.0">
    <skipped/>
  </testcase> <!-- @AfterClass teardownDriver -->
  <testcase classname="com.E_Commerce_Web_App.tests.SubscriptionHomePageTest_Func" name="verifySubscriptionIconVisible" time="0.0">
    <skipped/>
  </testcase> <!-- verifySubscriptionIconVisible -->
  <testcase classname="com.E_Commerce_Web_App.tests.SubscriptionHomePageTest_Func" name="verifySubscriptionEmpty" time="0.001">
    <skipped/>
  </testcase> <!-- verifySubscriptionEmpty -->
  <testcase classname="com.E_Commerce_Web_App.tests.SubscriptionHomePageTest_Func" name="verifySubscriptionInvalid" time="0.001">
    <skipped/>
  </testcase> <!-- verifySubscriptionInvalid -->
  <testcase classname="com.E_Commerce_Web_App.tests.SubscriptionHomePageTest_Func" name="verifySubscriptionValid" time="0.0">
    <skipped/>
  </testcase> <!-- verifySubscriptionValid -->
</testsuite> <!-- Default test -->
