<?xml version="1.0" encoding="UTF-8"?>
<!-- Generated by org.testng.reporters.JUnitXMLReporter -->
<testsuite ignored="0" hostname="DESKTOP-01UCJLJ" failures="1" tests="1" name="Based_impact_TC08" time="17.57" errors="0" timestamp="2025-09-03T17:50:11 IST">
  <testcase classname="com.automationexercise.tests.Based_impact_TC08" name="validateSingleTestCaseExpansion" time="14.332">
    <failure type="java.lang.AssertionError" message="Exception occurred during test case expansion.">
      <![CDATA[java.lang.AssertionError: Exception occurred during test case expansion.
at com.automationexercise.tests.Based_impact_TC08.validateSingleTestCaseExpansion(Based_impact_TC08.java:71)
at java.base/java.util.ArrayList.forEach(ArrayList.java:1596)
... Removed 26 stack frames]]>
    </failure>
  </testcase> <!-- validateSingleTestCaseExpansion -->
</testsuite> <!-- Based_impact_TC08 -->
