<?xml version="1.0" encoding="UTF-8"?>
<!-- Generated by org.testng.reporters.JUnitXMLReporter -->
<testsuite ignored="0" hostname="DESKTOP-01UCJLJ" failures="1" tests="1" name="Based_impact_TC012" time="52.127" errors="0" timestamp="2025-09-02T19:44:31 IST">
  <testcase classname="com.automationexercise.tests.Based_impact_TC12" name="verifyWriteYourReviewSection" time="27.827">
    <failure type="java.lang.RuntimeException" message="Test failed due to exception">
      <![CDATA[java.lang.RuntimeException: Test failed due to exception
at com.automationexercise.tests.Based_impact_TC12.verifyWriteYourReviewSection(Based_impact_TC12.java:59)
at java.base/java.util.ArrayList.forEach(ArrayList.java:1596)
Caused by: org.openqa.selenium.TimeoutException: Expected condition failed: waiting for element to be clickable: By.linkText: Products (tried for 15 second(s) with 500 milliseconds interval)
Build info: version: '4.35.0', revision: '1c58e5028b'
System info: os.name: 'Windows 11', os.arch: 'amd64', os.version: '10.0', java.version: '21.0.8'
Driver info: org.openqa.selenium.chrome.ChromeDriver
Capabilities {acceptInsecureCerts: false, browserName: chrome, browserVersion: 139.0.7258.155, chrome: {chromedriverVersion: 139.0.7258.154 (9e0d6b2b47f..., userDataDir: C:\Users\vskee\AppData\Loca...}, fedcm:accounts: true, goog:chromeOptions: {debuggerAddress: localhost:54172}, networkConnectionEnabled: false, pageLoadStrategy: normal, platformName: windows, proxy: Proxy(), se:cdp: ws://localhost:54172/devtoo..., se:cdpVersion: 139.0.7258.155, setWindowRect: true, strictFileInteractability: false, timeouts: {implicit: 0, pageLoad: 300000, script: 30000}, unhandledPromptBehavior: dismiss and notify, webauthn:extension:credBlob: true, webauthn:extension:largeBlob: true, webauthn:extension:minPinLength: true, webauthn:extension:prf: true, webauthn:virtualAuthenticators: true}
Session ID: 386a9844ddfcd1d66d183fad3e7676d2
at org.openqa.selenium.support.ui.WebDriverWait.timeoutException(WebDriverWait.java:84)
at org.openqa.selenium.support.ui.FluentWait.until(FluentWait.java:228)
at com.automationexercise.pages.Based_impact_TC012.goToProductsPage(Based_impact_TC012.java:20)
at com.automationexercise.tests.Based_impact_TC12.verifyWriteYourReviewSection(Based_impact_TC12.java:29)
... 26 more
... Removed 25 stack frames]]>
    </failure>
  </testcase> <!-- verifyWriteYourReviewSection -->
</testsuite> <!-- Based_impact_TC012 -->
