<?xml version="1.0" encoding="UTF-8"?>
<!-- Generated by org.testng.reporters.JUnitXMLReporter -->
<testsuite ignored="0" hostname="DESKTOP-01UCJLJ" failures="1" tests="1" name="Testcase_page_TC08" time="6.89" errors="0" timestamp="2025-09-03T18:01:29 IST">
  <testcase classname="com.automationexercise.tests.Testcase_page_TC08" name="verifyDetailedStepsDisplayed" time="1.457">
    <failure type="java.lang.AssertionError" message="Expected steps not found in Test Case 1">
      <![CDATA[java.lang.AssertionError: Expected steps not found in Test Case 1
at com.automationexercise.tests.Testcase_page_TC08.verifyDetailedStepsDisplayed(Testcase_page_TC08.java:54)
at java.base/java.util.ArrayList.forEach(ArrayList.java:1596)
... Removed 25 stack frames]]>
    </failure>
  </testcase> <!-- verifyDetailedStepsDisplayed -->
</testsuite> <!-- Testcase_page_TC08 -->
