<?xml version="1.0" encoding="UTF-8"?>
<!-- Generated by org.testng.reporters.JUnitXMLReporter -->
<testsuite ignored="0" hostname="DESKTOP-RGL2CCS" failures="1" tests="1" name="Registration - Chrome" time="0.091" errors="0" timestamp="2025-09-04T12:48:37 IST">
  <testcase classname="com.E_Commerce_Web_App.Base.BaseTest" name="@BeforeSuite setupExtent" time="-1.756970317537E9">
    <failure type="org.testng.TestNGException" message="
Parameter &amp;apos;reportName&amp;apos; is required by BeforeSuite on method setupExtent but has not been marked @Optional or defined
in C:\Users\HP\eclipse-workspace\E_Commerce_Web_App\testng_E_Commerce_Web_App_Registration2.xml">
      <![CDATA[org.testng.TestNGException: 
Parameter 'reportName' is required by BeforeSuite on method setupExtent but has not been marked @Optional or defined
in C:\Users\HP\eclipse-workspace\E_Commerce_Web_App\testng_E_Commerce_Web_App_Registration2.xml
... Removed 16 stack frames]]>
    </failure>
  </testcase> <!-- @BeforeSuite setupExtent -->
  <testcase classname="com.E_Commerce_Web_App.Base.BaseTest" name="@BeforeClass setupDriver" time="0.0">
    <skipped/>
  </testcase> <!-- @BeforeClass setupDriver -->
  <testcase classname="com.E_Commerce_Web_App.Base.BaseTest" name="@AfterClass teardownDriver" time="0.0">
    <skipped/>
  </testcase> <!-- @AfterClass teardownDriver -->
  <testcase classname="com.E_Commerce_Web_App.tests.CompleteRegistrationPageTest_Functional" name="verifySignupAndAccountCreation" time="0.0">
    <failure type="java.lang.RuntimeException" message="java.io.FileNotFoundException: C:\Users\HP\eclipse-workspace\E_Commerce_Web_App\src\test\resources\Ecommerce_app_Testdata\datafile2.xlsx (The system cannot find the path specified)">
      <![CDATA[java.lang.RuntimeException: java.io.FileNotFoundException: C:\Users\HP\eclipse-workspace\E_Commerce_Web_App\src\test\resources\Ecommerce_app_Testdata\datafile2.xlsx (The system cannot find the path specified)
at java.base/java.util.ArrayList.forEach(ArrayList.java:1511)
Caused by: java.io.FileNotFoundException: C:\Users\HP\eclipse-workspace\E_Commerce_Web_App\src\test\resources\Ecommerce_app_Testdata\datafile2.xlsx (The system cannot find the path specified)
at java.base/java.io.FileInputStream.open0(Native Method)
at java.base/java.io.FileInputStream.open(FileInputStream.java:216)
at java.base/java.io.FileInputStream.<init>(FileInputStream.java:157)
at com.E_Commerce_Web_App.utilities.ExcelUtilities.getdata(ExcelUtilities.java:14)
at com.E_Commerce_Web_App.tests.CompleteRegistrationPageTest_Functional.getAccountData(CompleteRegistrationPageTest_Functional.java:128)
... 25 more
... Removed 32 stack frames]]>
    </failure>
  </testcase> <!-- verifySignupAndAccountCreation -->
</testsuite> <!-- Registration - Chrome -->
