<?xml version="1.0" encoding="UTF-8"?>
<!-- Generated by org.testng.reporters.JUnitXMLReporter -->
<testsuite ignored="0" hostname="DESKTOP-RGL2CCS" failures="1" tests="1" name="Registration - Edge" time="0.014" errors="0" timestamp="2025-09-04T12:48:37 IST">
  <testcase classname="com.E_Commerce_Web_App.tests.CompleteRegistrationPageTest_Functional" name="verifySignupAndAccountCreation" time="0.0">
    <failure type="java.lang.RuntimeException" message="java.io.FileNotFoundException: C:\Users\HP\eclipse-workspace\E_Commerce_Web_App\src\test\resources\Ecommerce_app_Testdata\datafile2.xlsx (The system cannot find the path specified)">
      <![CDATA[java.lang.RuntimeException: java.io.FileNotFoundException: C:\Users\HP\eclipse-workspace\E_Commerce_Web_App\src\test\resources\Ecommerce_app_Testdata\datafile2.xlsx (The system cannot find the path specified)
at java.base/java.util.ArrayList.forEach(ArrayList.java:1511)
Caused by: java.io.FileNotFoundException: C:\Users\HP\eclipse-workspace\E_Commerce_Web_App\src\test\resources\Ecommerce_app_Testdata\datafile2.xlsx (The system cannot find the path specified)
at java.base/java.io.FileInputStream.open0(Native Method)
at java.base/java.io.FileInputStream.open(FileInputStream.java:216)
at java.base/java.io.FileInputStream.<init>(FileInputStream.java:157)
at com.E_Commerce_Web_App.utilities.ExcelUtilities.getdata(ExcelUtilities.java:14)
at com.E_Commerce_Web_App.tests.CompleteRegistrationPageTest_Functional.getAccountData(CompleteRegistrationPageTest_Functional.java:128)
... 25 more
... Removed 32 stack frames]]>
    </failure>
  </testcase> <!-- verifySignupAndAccountCreation -->
</testsuite> <!-- Registration - Edge -->
