<?xml version="1.0" encoding="UTF-8"?>
<!-- Generated by org.testng.reporters.JUnitReportReporter -->
<testsuite hostname="DESKTOP-RGL2CCS" failures="0" tests="2" name="com.E_Commerce_Web_App.tests.CartPageTest_Freq" time="-1757071232.000" errors="1" timestamp="2025-09-05T16:50:56 IST" skipped="1">
  <testcase classname="com.E_Commerce_Web_App.tests.CartPageTest_Freq" name="setupExtent" time="-1757071232.000">
    <error message="
Parameter &#039;reportName&#039; is required by BeforeSuite on method setupExtent but has not been marked @Optional or defined
in C:\Users\HP\AppData\Local\Temp\testng-eclipse-1954716472\testng-customsuite.xml" type="org.testng.TestNGException">
      <![CDATA[org.testng.TestNGException: 
Parameter 'reportName' is required by BeforeSuite on method setupExtent but has not been marked @Optional or defined
in C:\Users\HP\AppData\Local\Temp\testng-eclipse-1954716472\testng-customsuite.xml
at org.testng.internal.Parameters.createParams(Parameters.java:264)
at org.testng.internal.Parameters.createParametersForMethod(Parameters.java:352)
at org.testng.internal.Parameters.createParameters(Parameters.java:690)
at org.testng.internal.Parameters.createConfigurationParameters(Parameters.java:163)
at org.testng.internal.invokers.ConfigInvoker.invokeConfigurations(ConfigInvoker.java:313)
at org.testng.SuiteRunner.privateRun(SuiteRunner.java:358)
at org.testng.SuiteRunner.run(SuiteRunner.java:312)
at org.testng.SuiteRunnerWorker.runSuite(SuiteRunnerWorker.java:52)
at org.testng.SuiteRunnerWorker.run(SuiteRunnerWorker.java:95)
at org.testng.TestNG.runSuitesSequentially(TestNG.java:1274)
at org.testng.TestNG.runSuitesLocally(TestNG.java:1208)
at org.testng.TestNG.runSuites(TestNG.java:1112)
at org.testng.TestNG.run(TestNG.java:1079)
at org.testng.remote.AbstractRemoteTestNG.run(AbstractRemoteTestNG.java:115)
at org.testng.remote.RemoteTestNG.initAndRun(RemoteTestNG.java:293)
at org.testng.remote.RemoteTestNG.main(RemoteTestNG.java:91)
]]>
    </error>
  </testcase> <!-- setupExtent -->
  <testcase classname="com.E_Commerce_Web_App.tests.CartPageTest_Freq" name="verifyAddDeleteCheckoutFlow" time="0.000">
    <skipped/>
  </testcase> <!-- verifyAddDeleteCheckoutFlow -->
</testsuite> <!-- com.E_Commerce_Web_App.tests.CartPageTest_Freq -->
